<?xml version="1.0" encoding="UTF-8"?>
<!-- Generated by org.testng.reporters.JUnitReportReporter -->
<testsuite hostname="XENAPTCSTEST1" name="testCases.TestCases" tests="10" failures="0" timestamp="8 Apr 2017 08:11:54 GMT" time="34.882" errors="0">
  <testcase name="Get_tech_profile_list" time="3.272" classname="testCases.TestCases"/>
  <testcase name="GetAccesspoint" time="3.647" classname="testCases.TestCases"/>
  <testcase name="CreateCrossConnetc" time="0.005" classname="testCases.TestCases"/>
  <testcase name="OamTest_new" time="3.344" classname="testCases.TestCases"/>
  <testcase name="OpenCloseService" time="3.244" classname="testCases.TestCases"/>
  <testcase name="GetSpeeds" time="3.290" classname="testCases.TestCases"/>
  <testcase name="Retrain" time="8.318" classname="testCases.TestCases"/>
  <testcase name="CreateRouterConfig" time="3.182" classname="testCases.TestCases"/>
  <testcase name="DeleteCrossConnetc" time="3.115" classname="testCases.TestCases"/>
  <testcase name="SetSpeed" time="3.465" classname="testCases.TestCases"/>
</testsuite> <!-- testCases.TestCases -->
