<?xml version="1.0" encoding="UTF-8"?>
<!-- Generated by org.testng.reporters.JUnitReportReporter -->
<testsuite skipped="0" hostname="XENAPTCSTEST1" name="util.Readtest" tests="1" failures="0" timestamp="5 May 2017 14:04:38 GMT" time="0.917" errors="0">
  <testcase name="starttest" time="0.917" classname="util.Readtest"/>
</testsuite> <!-- util.Readtest -->
