<?xml version="1.0" encoding="UTF-8"?>
<!-- Generated by org.testng.reporters.JUnitReportReporter -->
<testsuite hostname="XENAPTCSTEST1" name="testCases.TestCases" tests="10" failures="0" timestamp="5 May 2017 13:24:58 GMT" time="25.137" errors="0">
  <testcase name="CreateCrossConnetc" time="0.004" classname="testCases.TestCases"/>
  <testcase name="DeleteCrossConnetc" time="0.857" classname="testCases.TestCases"/>
  <testcase name="OamTest_new" time="0.172" classname="testCases.TestCases"/>
  <testcase name="GetAccesspoint" time="8.982" classname="testCases.TestCases"/>
  <testcase name="CreateRouterConfig" time="0.251" classname="testCases.TestCases"/>
  <testcase name="OpenCloseService" time="3.018" classname="testCases.TestCases"/>
  <testcase name="Get_tech_profile_list" time="0.452" classname="testCases.TestCases"/>
  <testcase name="GetSpeeds" time="0.775" classname="testCases.TestCases"/>
  <testcase name="SetSpeed" time="4.488" classname="testCases.TestCases"/>
  <testcase name="Retrain" time="6.138" classname="testCases.TestCases"/>
</testsuite> <!-- testCases.TestCases -->
