<?xml version="1.0" encoding="UTF-8"?>
<!-- Generated by org.testng.reporters.JUnitReportReporter -->
<testsuite skipped="0" hostname="XENAPTCSTEST1" name="util.Readtest" tests="1" failures="0" timestamp="26 Apr 2017 09:21:01 GMT" time="4.283" errors="0">
  <testcase name="starttest" time="4.283" classname="util.Readtest"/>
</testsuite> <!-- util.Readtest -->
