<?xml version="1.0" encoding="UTF-8"?>
<!-- Generated by org.testng.reporters.JUnitReportReporter -->
<testsuite hostname="XENAPTCSTEST1" name="testCases.TestCases" tests="10" failures="0" timestamp="24 Apr 2017 12:07:09 GMT" time="19.716" errors="0">
  <testcase name="OamTest_new" time="0.189" classname="testCases.TestCases"/>
  <testcase name="GetSpeeds" time="5.155" classname="testCases.TestCases"/>
  <testcase name="CreateRouterConfig" time="0.330" classname="testCases.TestCases"/>
  <testcase name="GetAccesspoint" time="8.676" classname="testCases.TestCases"/>
  <testcase name="Get_tech_profile_list" time="0.495" classname="testCases.TestCases"/>
  <testcase name="CreateCrossConnetc" time="0.003" classname="testCases.TestCases"/>
  <testcase name="OpenCloseService" time="3.373" classname="testCases.TestCases"/>
  <testcase name="SetSpeed" time="0.252" classname="testCases.TestCases"/>
  <testcase name="DeleteCrossConnetc" time="0.939" classname="testCases.TestCases"/>
  <testcase name="Retrain" time="0.304" classname="testCases.TestCases"/>
</testsuite> <!-- testCases.TestCases -->
