<?xml version="1.0" encoding="UTF-8"?>
<!-- Generated by org.testng.reporters.JUnitReportReporter -->
<testsuite skipped="0" hostname="XENAPTCSTEST1" name="util.Readtest" tests="1" failures="0" timestamp="17 May 2017 09:48:19 GMT" time="1.408" errors="0">
  <testcase name="starttest" time="1.408" classname="util.Readtest"/>
</testsuite> <!-- util.Readtest -->
